<?xml version="1.0" encoding="UTF-8"?>
<!-- Generated by org.testng.reporters.JUnitReportReporter -->
<testsuite hostname="DESKTOP-LLCB9SI" failures="0" tests="1" name="com.extentreports.tests.ExtentReportsFive" time="0.412" errors="0" timestamp="08 fÃ©vr. 2023 11:26:34 GMT" skipped="0">
  <testcase classname="com.extentreports.tests.ExtentReportsFive" name="extentTest" time="0.412"/>
</testsuite> <!-- com.extentreports.tests.ExtentReportsFive -->
